<?xml version="1.0" encoding="UTF-8"?>
<testng-results ignored="0" total="1" passed="1" failed="0" skipped="0">
  <reporter-output>
  </reporter-output>
  <suite started-at="2022-05-23T12:23:33 IST" name="test suite" finished-at="2022-05-23T12:23:41 IST" duration-ms="8683">
    <groups>
      <group name="cucumber">
        <method signature="AbstractTestNGCucumberTests.runScenario(io.cucumber.testng.PickleWrapper,io.cucumber.testng.FeatureWrapper)[pri:0, instance:TestRunner.BaseRunner@37fb0bed]" name="runScenario" class="io.cucumber.testng.AbstractTestNGCucumberTests"/>
      </group> <!-- cucumber -->
    </groups>
    <test started-at="2022-05-23T12:23:33 IST" name="tests" finished-at="2022-05-23T12:23:41 IST" duration-ms="8683">
      <class name="TestRunner.BaseRunner">
        <test-method is-config="true" signature="setEnvDetails(java.lang.String,java.lang.String)[pri:0, instance:TestRunner.BaseRunner@37fb0bed]" started-at="2022-05-23T12:23:33 IST" name="setEnvDetails" finished-at="2022-05-23T12:23:33 IST" duration-ms="9" status="PASS">
          <params>
            <param index="0">
              <value>
                <![CDATA[qa]]>
              </value>
            </param>
            <param index="1">
              <value>
                <![CDATA[chrome]]>
              </value>
            </param>
          </params>
          <reporter-output>
          </reporter-output>
        </test-method> <!-- setEnvDetails -->
        <test-method is-config="true" signature="setUpClass()[pri:0, instance:TestRunner.BaseRunner@37fb0bed]" started-at="2022-05-23T12:23:33 IST" name="setUpClass" finished-at="2022-05-23T12:23:33 IST" duration-ms="185" status="PASS">
          <reporter-output>
          </reporter-output>
        </test-method> <!-- setUpClass -->
        <test-method signature="runScenario(io.cucumber.testng.PickleWrapper,io.cucumber.testng.FeatureWrapper)[pri:0, instance:TestRunner.BaseRunner@37fb0bed]" started-at="2022-05-23T12:23:33 IST" name="runScenario" description="Runs Cucumber Scenarios" data-provider="scenarios" finished-at="2022-05-23T12:23:41 IST" duration-ms="8435" status="PASS">
          <params>
            <param index="0">
              <value>
                <![CDATA["user print scenario"]]>
              </value>
            </param>
            <param index="1">
              <value>
                <![CDATA["Optional[Hello world feature]"]]>
              </value>
            </param>
          </params>
          <reporter-output>
          </reporter-output>
        </test-method> <!-- runScenario -->
        <test-method is-config="true" signature="tearDownClass()[pri:0, instance:TestRunner.BaseRunner@37fb0bed]" started-at="2022-05-23T12:23:41 IST" name="tearDownClass" finished-at="2022-05-23T12:23:41 IST" duration-ms="12" status="PASS">
          <reporter-output>
          </reporter-output>
        </test-method> <!-- tearDownClass -->
      </class> <!-- TestRunner.BaseRunner -->
    </test> <!-- tests -->
  </suite> <!-- test suite -->
</testng-results>
